??:??:?? **** Incremental Build of configuration Debug for project FinalProject_MC1 ****
make all 
Building file: ../timer1.c
Invoking: AVR Compiler
avr-gcc -Wall -g2 -gstabs -O0 -fpack-struct -fshort-enums -ffunction-sections -fdata-sections -std=gnu99 -funsigned-char -funsigned-bitfields -mmcu=atmega16 -DF_CPU=1000000UL -MMD -MP -MF"timer1.d" -MT"timer1.o" -c -o "timer1.o" "../timer1.c"
In file included from ../micro_config.h:22,
                 from ../timer1.h:21,
                 from ../timer1.c:13:
c:/winavr-20100110/lib/gcc/../../avr/include/util/delay.h:90:3: warning: #warning "Compiler optimizations disabled; functions from <util/delay.h> won't work as designed"
../timer1.c: In function '__vector_6':
../timer1.c:20: warning: implicit declaration of function 'LCD_displayStringRowColumn'
../timer1.c: In function 'Timer1_setCallBack':
../timer1.c:95: warning: function return types not compatible due to 'volatile'
Finished building: ../timer1.c
 
Building target: FinalProject_MC1.elf
Invoking: AVR C Linker
avr-gcc -Wl,-Map,FinalProject_MC1.map -mmcu=atmega16 -o "FinalProject_MC1.elf"  ./FinalProject_MC1.o ./keypad.o ./lcd.o ./timer1.o ./uart.o   
Finished building target: FinalProject_MC1.elf
 
Invoking: AVR Create Extended Listing
avr-objdump -h -S FinalProject_MC1.elf  >"FinalProject_MC1.lss"
Finished building: FinalProject_MC1.lss
 
Invoking: Print Size
avr-size --format=avr --mcu=atmega16 FinalProject_MC1.elf
AVR Memory Usage
----------------
Device: atmega16

Program:   11560 bytes (70.6% Full)
(.text + .data + .bootloader)

Data:        191 bytes (18.7% Full)
(.data + .bss + .noinit)


Finished building: sizedummy
 

??:??:?? Build Finished. 0 errors, 3 warnings. (took 1s.349ms)

