??:??:?? **** Incremental Build of configuration Debug for project FinalProject ****
make all 
Building file: ../FinalProject.c
Invoking: AVR Compiler
avr-gcc -Wall -g2 -gstabs -O0 -fpack-struct -fshort-enums -ffunction-sections -fdata-sections -std=gnu99 -funsigned-char -funsigned-bitfields -mmcu=atmega16 -DF_CPU=1000000UL -MMD -MP -MF"FinalProject.d" -MT"FinalProject.o" -c -o "FinalProject.o" "../FinalProject.c"
In file included from ../micro_config.h:22,
                 from ../FinalProject.h:11,
                 from ../FinalProject.c:9:
c:/winavr-20100110/lib/gcc/../../avr/include/util/delay.h:90:3: warning: #warning "Compiler optimizations disabled; functions from <util/delay.h> won't work as designed"
Finished building: ../FinalProject.c
 
Building target: FinalProject.elf
Invoking: AVR C Linker
avr-gcc -Wl,-Map,FinalProject.map -mmcu=atmega16 -o "FinalProject.elf"  ./FinalProject.o ./keypad.o ./lcd.o ./uart.o   
Finished building target: FinalProject.elf
 
Invoking: AVR Create Extended Listing
avr-objdump -h -S FinalProject.elf  >"FinalProject.lss"
Finished building: FinalProject.lss
 
Invoking: Print Size
avr-size --format=avr --mcu=atmega16 FinalProject.elf
AVR Memory Usage
----------------
Device: atmega16

Program:    6800 bytes (41.5% Full)
(.text + .data + .bootloader)

Data:         24 bytes (2.3% Full)
(.data + .bss + .noinit)


Finished building: sizedummy
 

??:??:?? Build Finished. 0 errors, 1 warnings. (took 1s.962ms)

